<?xml version="1.0" encoding="utf-8"?><testsuites name="pytest tests"><testsuite name="pytest" errors="0" failures="0" skipped="0" tests="24" time="14.248" timestamp="2026-07-11T19:54:22.760943+00:00" hostname="agent-env-11c2f002-5110-4d7d-afce-fa80c83ccc4c"><testcase classname="tests.backend_test.TestForgotReset" name="test_forgot_unknown_returns_200" time="0.505" /><testcase classname="tests.backend_test.TestRBAC" name="test_employee_blocked_finance" time="2.380" /><testcase classname="tests.backend_test.TestForgotReset" name="test_forgot_creates_reset_and_email" time="2.092" /><testcase classname="tests.backend_test.TestRBAC" name="test_employee_blocked_sales" time="0.112" /><testcase classname="tests.backend_test.TestRBAC" name="test_employee_blocked_compliance" time="0.126" /><testcase classname="tests.backend_test.TestForgotReset" name="test_reset_invalid_token" time="0.127" /><testcase classname="tests.backend_test.TestRBAC" name="test_admin_full_finance" time="0.206" /><testcase classname="tests.backend_test.TestForgotReset" name="test_reset_flow_end_to_end" time="1.719" /><testcase classname="tests.backend_test.TestRBAC" name="test_hr_employees_filtered_for_employee" time="0.396" /><testcase classname="tests.backend_test.TestRBAC" name="test_hr_leaves_filtered_for_employee" time="0.151" /><testcase classname="tests.backend_test.TestRBAC" name="test_hr_employees_admin_full" time="0.124" /><testcase classname="tests.backend_test.TestOTP" name="test_otp_request_returns_demo_hint" time="0.164" /><testcase classname="tests.backend_test.TestOTP" name="test_otp_verify_wrong_code" time="0.304" /><testcase classname="tests.backend_test.TestOTP" name="test_otp_verify_correct" time="0.471" /><testcase classname="tests.backend_test.TestSchedules" name="test_list_default_6" time="0.131" /><testcase classname="tests.backend_test.TestApprovalsStepUp" name="test_admin_without_otp_returns_428" time="0.214" /><testcase classname="tests.backend_test.TestSchedules" name="test_employee_cannot_update" time="0.107" /><testcase classname="tests.backend_test.TestApprovalsStepUp" name="test_employee_forbidden" time="0.225" /><testcase classname="tests.backend_test.TestSchedules" name="test_admin_update" time="0.150" /><testcase classname="tests.backend_test.TestFiles" name="test_employee_forbidden_upload" time="0.109" /><testcase classname="tests.backend_test.TestApprovalsStepUp" name="test_manager_without_otp_succeeds" time="0.217" /><testcase classname="tests.backend_test.TestFiles" name="test_admin_upload_and_attach_invoice" time="1.031" /><testcase classname="tests.backend_test.TestApprovalsStepUp" name="test_admin_with_otp_succeeds" time="0.934" /><testcase classname="tests.backend_test.TestSanitizer" name="test_agent_goal_filtered" time="7.697" /></testsuite></testsuites>